<?xml version="1.0" encoding="UTF-8"?>
<testng-results total="4" passed="4" failed="0" skipped="0">
  <reporter-output>
  </reporter-output>
  <suite started-at="2024-04-20T18:39:40Z" name="Suite" finished-at="2024-04-20T18:39:49Z" duration-ms="8927">
    <groups>
    </groups>
    <test started-at="2024-04-20T18:39:40Z" name="Test" finished-at="2024-04-20T18:39:49Z" duration-ms="8927">
      <class name="tests.testUserOperations">
        <test-method signature="addNewUser()[pri:0, instance:tests.testUserOperations@341814d3]" started-at="2024-04-20T20:39:40Z" name="addNewUser" finished-at="2024-04-20T20:39:45Z" duration-ms="4435" status="PASS">
          <reporter-output>
          </reporter-output>
        </test-method> <!-- addNewUser -->
        <test-method signature="getUser()[pri:0, instance:tests.testUserOperations@341814d3]" started-at="2024-04-20T20:39:45Z" name="getUser" finished-at="2024-04-20T20:39:46Z" duration-ms="1396" status="PASS">
          <reporter-output>
          </reporter-output>
        </test-method> <!-- getUser -->
        <test-method signature="UpdateUser()[pri:0, instance:tests.testUserOperations@341814d3]" started-at="2024-04-20T20:39:46Z" name="UpdateUser" finished-at="2024-04-20T20:39:47Z" duration-ms="1175" status="PASS">
          <reporter-output>
          </reporter-output>
        </test-method> <!-- UpdateUser -->
        <test-method signature="deleteUser()[pri:0, instance:tests.testUserOperations@341814d3]" started-at="2024-04-20T20:39:47Z" name="deleteUser" finished-at="2024-04-20T20:39:49Z" duration-ms="1879" status="PASS">
          <reporter-output>
          </reporter-output>
        </test-method> <!-- deleteUser -->
      </class> <!-- tests.testUserOperations -->
    </test> <!-- Test -->
  </suite> <!-- Suite -->
</testng-results>
