<?xml version="1.0" encoding="UTF-8"?>
<!-- Generated by org.testng.reporters.JUnitXMLReporter -->
<testsuite hostname="DESKTOP-O1MTOUR" failures="0" tests="4" name="Default test" time="9.387" errors="0" timestamp="20 Apr 2024 18:27:13 GMT">
  <testcase classname="tests.testAddNewUser" name="addNewUser" time="4.528"/>
  <testcase classname="tests.testAddNewUser" name="getUser" time="1.234"/>
  <testcase classname="tests.testAddNewUser" name="UpdateUser" time="2.578"/>
  <testcase classname="tests.testAddNewUser" name="deleteUser" time="1.013"/>
</testsuite> <!-- Default test -->
